  Building Custom Rule E:/DEVELOP/CODE/FTXUI/build/_deps/ftxui-src/CMakeLists.txt
  animation.cpp
  button.cpp
  catch_event.cpp
  checkbox.cpp
  collapsible.cpp
  component.cpp
  component_options.cpp
  container.cpp
  dropdown.cpp
  event.cpp
  hoverable.cpp
  input.cpp
  loop.cpp
  maybe.cpp
  menu.cpp
  modal.cpp
  radiobox.cpp
  renderer.cpp
  resizable_split.cpp
  screen_interactive.cpp
  Создание кода...
  Компиляция...
  slider.cpp
  terminal_input_parser.cpp
  util.cpp
  window.cpp
  Создание кода...
  component.vcxproj -> E:\DEVELOP\CODE\FTXUI\build\_deps\ftxui-build\Debug\ftxui-component.lib
